今天睡到中午1点起来，晚上8睡到10点半，不知道为什么现在自己怎么这么困。作息没搞好。
开始学习图像处理，C语言，以及计算机编程和算法。
2013-09-24 02:24:37 


学习了指针，没有看图像处理，明天上课，依旧。
算法？继续。
2013-09-26 01:37:30

开始了新一天的学习。
Wed Oct  9 00:25:42 CST 2013
继续数组，指针，vi的操作和熟练

学习linux的系统优化>
Sat Oct 12 02:44:52 CST 2013

学习了矩阵的张量积和微分，发现其对于许多方面十分有用。

Thu Nov  7 23:15:04 CST 2013
今天学了c与指针这本书，学会了指针数组和数组指针，多维数组，接下来看关于字符串和内存的分配的内容。

Sat Nov  9 22:31:23 CST 2013


搞了一晚上的安装gtk，一直安装不成功。一直在找软件安装错误的地方。自己根本就没看安装提示，才会搞成这样。Then build and install the GTK+ libraries in the order: GLib, Pango, ATK, then GTK+. For each library, follow the steps of configure, make, make install mentioned above. First make sure that you have the necessary external dependencies installed: pkg-config, GNU make, the JPEG, PNG, and TIFF libraries, FreeType, and, if necessary, libiconv and libintl. To get detailed information about building these packages, see the documentation provided with the individual packages. On a Linux system, it's quite likely you'll have all of these installed already except for pkg-config.结果最后搜索gtk的安装才发现是自己把软件包之间的相互依赖关系给搞错了。
其实还有更加简洁的方法，只是自己不知道把了。教训！！！

Thu Nov 14 02:58:26 CST 2013
学习了结构体的存储与访问，下面是內存的分配。

Mon Nov 18 01:03:07 CST 2013
看完了内存分配，需要做些练
指针那本书，看到预处理后面有些模糊，需要再看。

Sun Nov 24 04:29:56 CST 2013

看到了双向链表，以后还没看。数据结构这一章有难度。:

Sun Dec  1 03:06:13 CST 2013


今天重新看了编程实践教程，发现这本书原来就不是介绍linux基本命令，或是如何去查命令的的书。而是一本地道的教你如何使用linux中的档案去构造和编写程序。实在是认识的太晚了。

Wed Dec 11 22:15:23 CST 2013

内核缓存技术还没看懂，以后在补把。还有就是第二章学习的几个文件基本操作还不是很清楚和详细。只有以后再说了。

今天没看ls2.c，先把下面的看完再回过头看。
HAIYOU SETUID
Sun Dec 15 04:43:09 CST 2013
看到了编写pwd。


play_again 的阻塞部分没有看。最后的处理部分没有看。

Mon Dec 30 00:54:33 CST 2013

搞了一晚上，想搞一个mail，结果却是一无所成。在youtube上找了好久的阿三讲话。还是关于服务器的dns，端口，smtp等不知道。导致的。
安装的realplayer真是个垃圾。可能是系统不支持把。
Fri Jan 10 01:47:16 CST 2014
重新建了一个新的ubuntu one帐号，1262871536@qq.com。有了5G的上传空间。

搞了一晚上的ape转换，对于其中的一些脚本还需要理解。以及如何从新的源更新下载软件。脚本会添加到鼠标右键。
Mon Mar 24 21:20:28 CST 2014



需要给小外甥找几本书看。关于孩子教育的。


下载了linux-3.14.1的源代码，里面的documentation有关于style的介绍。
Tue 22 Apr 2014 01:43:39 AM CST 




下载了glade，可以更好的理解gtk了。知道了如何用gtk的代码来生成窗口控件了。
Sun 27 Apr 2014 12:38:40 AM CST 
安装了两个ide工具，eclipse，anjuta
Mon 28 Apr 2014 03:41:27 AM CST 

电脑异常关机的原因可能是 显卡驱动有问题，不是官方。试着装了，一直出错。还把原来的给搞坏了。
重新更新了系统，不过换成ubuntu的驱动就卡的要死。只能用nviida的驱动，只是加载的有些慢，启动很难。





下周任务,需要写一个控制的说明书,一个tc110的实验报告.
校准的实验方案设计.
Sat 13 Sep 2014 12:24:42 AM CST 

在ubuntu下实现51单片机的编程实现.工具,ide软件及其仿真.
解决了程序头文件的路径问题.詳見/home/leon/MCU/mcd8051.
Sat 13 Sep 2014 12:34:55 AM CST 


tc110的实验报告已经完成。还有一个控制的说明书还没写。
Mon Sep 15 18:56:13 CST 2014 
工程师来修光机,可能需要换球管头.来后通知师兄.要保证开机时安全,注意门联锁.
中午专家招待所订饭,20,签字,先写魏存峰,后写我自己,最近附上日期.

Tue Sep 30 09:43:58 CST 2014 
自己不小心,做了個核磁共振,沒有去指定的44所醫院.長了個教訓,算是知道了.
拿到了檢查單,那個地方都可以做,沒必要去指定或是推薦的醫院做.
有一件事還是沒搞明白,醫保類型應該寫成自費,還是公費.




面试，需要对该学科相关的东西，有一个认真和清楚的了解。
研究人的永远比研究技术的有更大的发展.






放纵的感觉超越一切。
有几本书感觉应该有时间看一下:安吉拉的骨灰,布鲁克林有棵树.

Fri Oct 16 15:30:47 CST 2015
最近仔细了解了rainbow tables，下步需要去计算使用其去hack时的时间。
sql injection的东西太多，只能往后放放。之后有时间再去了解吧。
具体到sql injection的种类，以及使用方法。还有sqlmap的使用技巧。
http://bluereader.org/article/59885064 这篇文章给予的启示，
以及需要总计一下hack的总体流程。
最后附带一个test website，http://testphp.vulnweb.com/。
irc的使用，irssi tool。
Mon Oct 19 23:41:33 CST 2015


终于搞明白了什么是leading dimension以及其作用。
详细参看what is lda
fortran中数组的传递是使用指针，这点与c语言很像。
lda的意义在于fortran的column major的存储方式。
Sat Dec 26 23:09:38 CST 2015

三星mtp设备无法挂载到ubuntu上,安装了gvfs,后有卸载.
结果卸载时,把文件管理器nautilus也顺便给卸载到了.
于是乎,出现了开机屏幕全黑,无法打开文件夹.

于是重新安装nautilus,以后卸载软件,要注意一下卸载都会影响到什么.

Mon Jan 11 17:45:58 CST 2016

最近一段时间由于研究arm的字符型设备驱动编写,开始了对linux内核的研究.
主要对linux的文件I/O,文件系统filesystem,inode,dentry,ext2,链表结构,hash等代码进行了分析.
不过仍旧感觉里面的东西实在是太多了,在此标记一下,以后再做深入.
之后要开始务正业了,首先把BT软件的框架结构给搞明白.
Mon Jan 18 21:17:58 CST 2016
新年开学,在北京西站做公共汽车时,手机被偷.在情人节那天.
今天看了电影唐人街探案,对里面的推理细节产生可兴趣.于是
在知乎上搜索一些 关于 推理 的问题,主要跟福尔摩斯和伯恩有关.
其实也没什么,主要是日常生活的学习和观察,以及其他知识的积累.
下午开了会,需要把几何校正的东西做一下的最后的确认,不能一直拖着.
还有这周要开始做超分辨的东西,这月底前要写一篇专利.

Thu Feb 18 23:35:00 CST 2016
jl的代码中还有一部分的mex文件,无法直接查看,于是想到了用IDA来逆向.
在可使用的版本中,win8的可以使用f5生成伪代码,搜索一些IDA的书籍放在了同一文件
夹下,下载了恶意代码.由于时间紧,在此标记一下,以后深入了解一下IDA的具体使用
方法.

Wed Mar  9 10:05:25 CST 2016
